Microsoft (R) Build Engine version 14.0.25420.1
Copyright (C) Microsoft Corporation. All rights reserved.

Build started 28.07.2016 21:53:49.
Overriding target "Build" in project "C:\work\SpecFlow\Installer\NuGetPackages\.build\build.targets" with target "Build" from project "C:\work\SpecFlow\packages\MSBuild.MSBBuildConvention.2.0.0\build\build.targets".
Overriding target "Clean" in project "C:\work\SpecFlow\Installer\NuGetPackages\.build\build.targets" with target "Clean" from project "C:\work\SpecFlow\packages\MSBuild.MSBBuildConvention.2.0.0\build\build.targets".
Overriding target "Rebuild" in project "C:\work\SpecFlow\Installer\NuGetPackages\.build\build.targets" with target "Rebuild" from project "C:\work\SpecFlow\packages\MSBuild.MSBBuildConvention.2.0.0\build\build.targets".
Overriding target "Publish" in project "C:\work\SpecFlow\Installer\NuGetPackages\.build\build.targets" with target "Publish" from project "C:\work\SpecFlow\packages\MSBuild.MSBBuildConvention.2.0.0\build\build.targets".
Overriding target "Legacy_100_Warnings" in project "C:\work\SpecFlow\packages\MSBuild.MSBBuildConvention.2.0.0\build\Legacy.100.targets" with target "Legacy_100_Warnings" from project "C:\work\SpecFlow\packages\MSBuild.MSBNuget.1.1.2-pre04\build\Legacy.100.targets".
The target "PrepareForBuild" listed in a BeforeTargets attribute at "C:\work\SpecFlow\Installer\NuGetPackages\NuGetPackages.csproj (90,49)" does not exist in the project, and will be ignored.
Project "C:\work\SpecFlow\Installer\NuGetPackages\NuGetPackages.csproj" on node 1 (default targets).
Building with tools version "14.0".
Project file contains ToolsVersion="4.0". This toolset may be unknown or missing, in which case you may be able to resolve this by installing the appropriate version of MSBuild, or the build may have been forced to a particular ToolsVersion for policy reasons. Treating the project as if it had ToolsVersion="14.0". For more information, please see http://go.microsoft.com/fwlink/?LinkId=293424.
Target "Build" in file "C:\work\SpecFlow\packages\MSBuild.MSBBuildConvention.2.0.0\build\build.targets" from project "C:\work\SpecFlow\Installer\NuGetPackages\NuGetPackages.csproj" (entry point):
Using "CallTarget" task from assembly "Microsoft.Build.Tasks.Core, Version=14.0.0.0, Culture=neutral, PublicKeyToken=b03f5f7f11d50a3a".
Task "CallTarget"
Target "Legacy_100_Warnings" in file "C:\work\SpecFlow\packages\MSBuild.MSBNuget.1.1.2-pre04\build\Legacy.100.targets" from project "C:\work\SpecFlow\Installer\NuGetPackages\NuGetPackages.csproj" (target "Build" depends on it):
Task "Warning" skipped, due to false condition; ($(NugkgReleaseFolder) != '') was evaluated as ( != '').
Task "Warning" skipped, due to false condition; ($(NugkgPublishFolder) != '') was evaluated as ( != '').
Task "Warning" skipped, due to false condition; ($(PublishDisabled) != '') was evaluated as ( != '').
Task "Warning" skipped, due to false condition; ($(PublishToReleaseFolder) != '') was evaluated as ( != '').
Task "Warning" skipped, due to false condition; ($(PublishToLocalNugetFeed) != '') was evaluated as ( != '').
Task "Warning" skipped, due to false condition; ($(PublishToOfficialNugetFeed) != '') was evaluated as ( != '').
Task "Warning" skipped, due to false condition; ($(NugkgPublishLocalNugetFeedFolder) != '') was evaluated as ( != '').
Task "Warning" skipped, due to false condition; ($(NugkgPublishReleaseFolder) != '') was evaluated as ( != '').
Done building target "Legacy_100_Warnings" in project "NuGetPackages.csproj".
Target "Legacy_100_Warnings" skipped. Previously built successfully.
Target "UpdatePackageVersion" in file "C:\work\SpecFlow\Installer\NuGetPackages\.build\build.targets" from project "C:\work\SpecFlow\Installer\NuGetPackages\NuGetPackages.csproj" (target "NugetBuild" depends on it):
Using "Message" task from assembly "Microsoft.Build.Tasks.Core, Version=14.0.0.0, Culture=neutral, PublicKeyToken=b03f5f7f11d50a3a".
Task "Message"
  NugetVersion: 
Done executing task "Message".
Task "XmlPoke" skipped, due to false condition; ('$(SpecFlowPackageVersion)' != '') was evaluated as ('' != '').
Task "XmlPoke" skipped, due to false condition; ('$(SpecFlowPackageVersion)' != '') was evaluated as ('' != '').
Done building target "UpdatePackageVersion" in project "NuGetPackages.csproj".
Target "NugetBuild" in file "C:\work\SpecFlow\packages\MSBuild.MSBNuget.1.1.2-pre04\build\nuget.targets" from project "C:\work\SpecFlow\Installer\NuGetPackages\NuGetPackages.csproj" (target "Build" depends on it):
Task "CallTarget"
Target "NugetCreatePackages" in file "C:\work\SpecFlow\packages\MSBuild.MSBNuget.1.1.2-pre04\build\nuget.targets" from project "C:\work\SpecFlow\Installer\NuGetPackages\NuGetPackages.csproj" (target "NugetBuild" depends on it):
Task "CallTarget"
Target "NugetCommandLineEval" in file "C:\work\SpecFlow\packages\MSBuild.MSBNuget.1.1.2-pre04\build\nuget.targets" from project "C:\work\SpecFlow\Installer\NuGetPackages\NuGetPackages.csproj" (target "NugetCreatePackages" depends on it):
Task "Message"
  Nuget Exe
Done executing task "Message".
Task "Message"
  --> NuGetToolsPath: C:\work\SpecFlow\packages\MSBuild.MSBNuget.1.1.2-pre04\build\..\..\NuGet.CommandLine.*\tools\
Done executing task "Message".
Task "Message"
  --> NugetCommandLinePath: C:\work\SpecFlow\packages\MSBuild.MSBNuget.1.1.2-pre04\build\..\..\NuGet.CommandLine.*\tools\Nuget.exe
Done executing task "Message".
Task "Message"
  --> nugetExe: C:\work\SpecFlow\packages\MSBuild.MSBNuget.1.1.2-pre04\build\..\..\NuGet.CommandLine.2.8.3\tools\NuGet.exe
Done executing task "Message".
Task "Error" skipped, due to false condition; ('@(nugetExe->Count())' == '0') was evaluated as ('1' == '0').
Task "Error" skipped, due to false condition; ('@(nugetExe->Count())' != '1') was evaluated as ('1' != '1').
Done building target "NugetCommandLineEval" in project "NuGetPackages.csproj".
Target "NugetCleanupFolderStructure" in file "C:\work\SpecFlow\packages\MSBuild.MSBNuget.1.1.2-pre04\build\nuget.targets" from project "C:\work\SpecFlow\Installer\NuGetPackages\NuGetPackages.csproj" (target "NugetCreatePackages" depends on it):
Task "Message"
  C:\work\SpecFlow\Installer\NuGetPackages\obj\Debug\nugetstage\;bin\
Done executing task "Message".
Task "Message"
  C:\work\SpecFlow\Installer\NuGetPackages\obj\Debug\nugetstage\;bin\
Done executing task "Message".
Using "Delete" task from assembly "Microsoft.Build.Tasks.Core, Version=14.0.0.0, Culture=neutral, PublicKeyToken=b03f5f7f11d50a3a".
Task "Delete"
  File "C:\work\SpecFlow\Installer\NuGetPackages\obj\Debug\nugetstage\" doesn't exist. Skipping.
  File "bin\" doesn't exist. Skipping.
Done executing task "Delete".
Using "RemoveDir" task from assembly "Microsoft.Build.Tasks.Core, Version=14.0.0.0, Culture=neutral, PublicKeyToken=b03f5f7f11d50a3a".
Task "RemoveDir"
  Removing directory "C:\work\SpecFlow\Installer\NuGetPackages\obj\Debug\nugetstage\".
  Removing directory "bin\".
Done executing task "RemoveDir".
Done building target "NugetCleanupFolderStructure" in project "NuGetPackages.csproj".
Target "NugetCreateFolderStructure" in file "C:\work\SpecFlow\packages\MSBuild.MSBNuget.1.1.2-pre04\build\nuget.targets" from project "C:\work\SpecFlow\Installer\NuGetPackages\NuGetPackages.csproj" (target "NugetCreatePackages" depends on it):
Using "MakeDir" task from assembly "Microsoft.Build.Tasks.Core, Version=14.0.0.0, Culture=neutral, PublicKeyToken=b03f5f7f11d50a3a".
Task "MakeDir"
  Creating directory "C:\work\SpecFlow\Installer\NuGetPackages\obj\Debug\nugetstage\SpecFlow.CustomPlugin\lib".
Done executing task "MakeDir".
Task "MakeDir"
  Creating directory "C:\work\SpecFlow\Installer\NuGetPackages\obj\Debug\nugetstage\SpecFlow.MsTest\lib".
Done executing task "MakeDir".
Task "MakeDir"
  Creating directory "C:\work\SpecFlow\Installer\NuGetPackages\obj\Debug\nugetstage\SpecFlow.NUnit.Runners\lib".
Done executing task "MakeDir".
Task "MakeDir"
  Creating directory "C:\work\SpecFlow\Installer\NuGetPackages\obj\Debug\nugetstage\SpecFlow.NUnit\lib".
Done executing task "MakeDir".
Task "MakeDir"
  Creating directory "C:\work\SpecFlow\Installer\NuGetPackages\obj\Debug\nugetstage\SpecFlow.xUnit\lib".
Done executing task "MakeDir".
Task "MakeDir"
  Creating directory "C:\work\SpecFlow\Installer\NuGetPackages\obj\Debug\nugetstage\SpecFlow\lib".
Done executing task "MakeDir".
Task "MakeDir"
  Creating directory "C:\work\SpecFlow\Installer\NuGetPackages\obj\Debug\nugetstage\SpecFlow.CustomPlugin\tools".
Done executing task "MakeDir".
Task "MakeDir"
  Creating directory "C:\work\SpecFlow\Installer\NuGetPackages\obj\Debug\nugetstage\SpecFlow.MsTest\tools".
Done executing task "MakeDir".
Task "MakeDir"
  Creating directory "C:\work\SpecFlow\Installer\NuGetPackages\obj\Debug\nugetstage\SpecFlow.NUnit.Runners\tools".
Done executing task "MakeDir".
Task "MakeDir"
  Creating directory "C:\work\SpecFlow\Installer\NuGetPackages\obj\Debug\nugetstage\SpecFlow.NUnit\tools".
Done executing task "MakeDir".
Task "MakeDir"
  Creating directory "C:\work\SpecFlow\Installer\NuGetPackages\obj\Debug\nugetstage\SpecFlow.xUnit\tools".
Done executing task "MakeDir".
Task "MakeDir"
  Creating directory "C:\work\SpecFlow\Installer\NuGetPackages\obj\Debug\nugetstage\SpecFlow\tools".
Done executing task "MakeDir".
Task "MakeDir"
  Creating directory "C:\work\SpecFlow\Installer\NuGetPackages\obj\Debug\nugetstage\SpecFlow.CustomPlugin\content".
Done executing task "MakeDir".
Task "MakeDir"
  Creating directory "C:\work\SpecFlow\Installer\NuGetPackages\obj\Debug\nugetstage\SpecFlow.MsTest\content".
Done executing task "MakeDir".
Task "MakeDir"
  Creating directory "C:\work\SpecFlow\Installer\NuGetPackages\obj\Debug\nugetstage\SpecFlow.NUnit.Runners\content".
Done executing task "MakeDir".
Task "MakeDir"
  Creating directory "C:\work\SpecFlow\Installer\NuGetPackages\obj\Debug\nugetstage\SpecFlow.NUnit\content".
Done executing task "MakeDir".
Task "MakeDir"
  Creating directory "C:\work\SpecFlow\Installer\NuGetPackages\obj\Debug\nugetstage\SpecFlow.xUnit\content".
Done executing task "MakeDir".
Task "MakeDir"
  Creating directory "C:\work\SpecFlow\Installer\NuGetPackages\obj\Debug\nugetstage\SpecFlow\content".
Done executing task "MakeDir".
Task "MakeDir"
  Creating directory "C:\work\SpecFlow\Installer\NuGetPackages\obj\Debug\nugetstage\SpecFlow.CustomPlugin\build".
Done executing task "MakeDir".
Task "MakeDir"
  Creating directory "C:\work\SpecFlow\Installer\NuGetPackages\obj\Debug\nugetstage\SpecFlow.MsTest\build".
Done executing task "MakeDir".
Task "MakeDir"
  Creating directory "C:\work\SpecFlow\Installer\NuGetPackages\obj\Debug\nugetstage\SpecFlow.NUnit.Runners\build".
Done executing task "MakeDir".
Task "MakeDir"
  Creating directory "C:\work\SpecFlow\Installer\NuGetPackages\obj\Debug\nugetstage\SpecFlow.NUnit\build".
Done executing task "MakeDir".
Task "MakeDir"
  Creating directory "C:\work\SpecFlow\Installer\NuGetPackages\obj\Debug\nugetstage\SpecFlow.xUnit\build".
Done executing task "MakeDir".
Task "MakeDir"
  Creating directory "C:\work\SpecFlow\Installer\NuGetPackages\obj\Debug\nugetstage\SpecFlow\build".
Done executing task "MakeDir".
Done building target "NugetCreateFolderStructure" in project "NuGetPackages.csproj".
Target "NugetCopyAdditionalFiles" in file "C:\work\SpecFlow\packages\MSBuild.MSBNuget.1.1.2-pre04\build\nuget.targets" from project "C:\work\SpecFlow\Installer\NuGetPackages\NuGetPackages.csproj" (target "NugetCreatePackages" depends on it):
Task "Message"
  File: TechTalk.SpecFlow.dll
   identity: C:\work\SpecFlow\Installer\NuGetPackages\SpecFlow.CustomPlugin\\..\..\..\\TechTalk.SpecFlow\bin\Debug\TechTalk.SpecFlow.dll
   source: C:\work\SpecFlow\TechTalk.SpecFlow\bin\Debug\TechTalk.SpecFlow.dll
   destination: C:\work\SpecFlow\Installer\NuGetPackages\obj\Debug\nugetstage\SpecFlow.CustomPlugin\lib\net45\
Done executing task "Message".
Task "Message"
  File: TechTalk.SpecFlow.Generator.dll
   identity: C:\work\SpecFlow\Installer\NuGetPackages\SpecFlow.CustomPlugin\\..\..\..\\TechTalk.SpecFlow.Generator\bin\Debug\TechTalk.SpecFlow.Generator.dll
   source: C:\work\SpecFlow\TechTalk.SpecFlow.Generator\bin\Debug\TechTalk.SpecFlow.Generator.dll
   destination: C:\work\SpecFlow\Installer\NuGetPackages\obj\Debug\nugetstage\SpecFlow.CustomPlugin\lib\net45\
Done executing task "Message".
Task "Message"
  File: TechTalk.SpecFlow.Utils.dll
   identity: C:\work\SpecFlow\Installer\NuGetPackages\SpecFlow.CustomPlugin\\..\..\..\\TechTalk.SpecFlow.Utils\bin\Debug\TechTalk.SpecFlow.Utils.dll
   source: C:\work\SpecFlow\TechTalk.SpecFlow.Utils\bin\Debug\TechTalk.SpecFlow.Utils.dll
   destination: C:\work\SpecFlow\Installer\NuGetPackages\obj\Debug\nugetstage\SpecFlow.CustomPlugin\lib\net45\
Done executing task "Message".
Task "Message"
  File: TechTalk.SpecFlow.Parser.dll
   identity: C:\work\SpecFlow\Installer\NuGetPackages\SpecFlow.CustomPlugin\\..\..\..\\TechTalk.SpecFlow.Parser\bin\Debug\TechTalk.SpecFlow.Parser.dll
   source: C:\work\SpecFlow\TechTalk.SpecFlow.Parser\bin\Debug\TechTalk.SpecFlow.Parser.dll
   destination: C:\work\SpecFlow\Installer\NuGetPackages\obj\Debug\nugetstage\SpecFlow.CustomPlugin\lib\net45\
Done executing task "Message".
Task "Message"
  File: TechTalk.SpecFlow.pdb
   identity: C:\work\SpecFlow\Installer\NuGetPackages\SpecFlow.CustomPlugin\\..\..\..\\TechTalk.SpecFlow\bin\Debug\TechTalk.SpecFlow.pdb
   source: C:\work\SpecFlow\TechTalk.SpecFlow\bin\Debug\TechTalk.SpecFlow.pdb
   destination: C:\work\SpecFlow\Installer\NuGetPackages\obj\Debug\nugetstage\SpecFlow.CustomPlugin\lib\net45\
Done executing task "Message".
Task "Message"
  File: TechTalk.SpecFlow.Generator.pdb
   identity: C:\work\SpecFlow\Installer\NuGetPackages\SpecFlow.CustomPlugin\\..\..\..\\TechTalk.SpecFlow.Generator\bin\Debug\TechTalk.SpecFlow.Generator.pdb
   source: C:\work\SpecFlow\TechTalk.SpecFlow.Generator\bin\Debug\TechTalk.SpecFlow.Generator.pdb
   destination: C:\work\SpecFlow\Installer\NuGetPackages\obj\Debug\nugetstage\SpecFlow.CustomPlugin\lib\net45\
Done executing task "Message".
Task "Message"
  File: TechTalk.SpecFlow.Utils.pdb
   identity: C:\work\SpecFlow\Installer\NuGetPackages\SpecFlow.CustomPlugin\\..\..\..\\TechTalk.SpecFlow.Utils\bin\Debug\TechTalk.SpecFlow.Utils.pdb
   source: C:\work\SpecFlow\TechTalk.SpecFlow.Utils\bin\Debug\TechTalk.SpecFlow.Utils.pdb
   destination: C:\work\SpecFlow\Installer\NuGetPackages\obj\Debug\nugetstage\SpecFlow.CustomPlugin\lib\net45\
Done executing task "Message".
Task "Message"
  File: TechTalk.SpecFlow.Parser.pdb
   identity: C:\work\SpecFlow\Installer\NuGetPackages\SpecFlow.CustomPlugin\\..\..\..\\TechTalk.SpecFlow.Parser\bin\Debug\TechTalk.SpecFlow.Parser.pdb
   source: C:\work\SpecFlow\TechTalk.SpecFlow.Parser\bin\Debug\TechTalk.SpecFlow.Parser.pdb
   destination: C:\work\SpecFlow\Installer\NuGetPackages\obj\Debug\nugetstage\SpecFlow.CustomPlugin\lib\net45\
Done executing task "Message".
Task "Message"
  File: App.config.transform
   identity: C:\work\SpecFlow\Installer\NuGetPackages\SpecFlow.MsTest\\App.config.transform
   source: C:\work\SpecFlow\Installer\NuGetPackages\SpecFlow.MsTest\App.config.transform
   destination: C:\work\SpecFlow\Installer\NuGetPackages\obj\Debug\nugetstage\SpecFlow.MsTest\content\
Done executing task "Message".
Task "Message"
  File: SpecFlowNUnitExtension.cs
   identity: C:\work\SpecFlow\Installer\NuGetPackages\SpecFlow.NUnit.Runners\\SpecFlowNUnitExtension.cs
   source: C:\work\SpecFlow\Installer\NuGetPackages\SpecFlow.NUnit.Runners\SpecFlowNUnitExtension.cs
   destination: C:\work\SpecFlow\Installer\NuGetPackages\obj\Debug\nugetstage\SpecFlow.NUnit.Runners\content\
Done executing task "Message".
Task "Message"
  File: Install.ps1
   identity: C:\work\SpecFlow\Installer\NuGetPackages\SpecFlow.NUnit.Runners\\Install.ps1
   source: C:\work\SpecFlow\Installer\NuGetPackages\SpecFlow.NUnit.Runners\Install.ps1
   destination: C:\work\SpecFlow\Installer\NuGetPackages\obj\Debug\nugetstage\SpecFlow.NUnit.Runners\tools\
Done executing task "Message".
Task "Message"
  File: Uninstall.ps1
   identity: C:\work\SpecFlow\Installer\NuGetPackages\SpecFlow.NUnit.Runners\\Uninstall.ps1
   source: C:\work\SpecFlow\Installer\NuGetPackages\SpecFlow.NUnit.Runners\Uninstall.ps1
   destination: C:\work\SpecFlow\Installer\NuGetPackages\obj\Debug\nugetstage\SpecFlow.NUnit.Runners\tools\
Done executing task "Message".
Task "Message"
  File: App.config.transform
   identity: C:\work\SpecFlow\Installer\NuGetPackages\SpecFlow.NUnit\\App.config.transform
   source: C:\work\SpecFlow\Installer\NuGetPackages\SpecFlow.NUnit\App.config.transform
   destination: C:\work\SpecFlow\Installer\NuGetPackages\obj\Debug\nugetstage\SpecFlow.NUnit\content\
Done executing task "Message".
Task "Message"
  File: App.config.transform
   identity: C:\work\SpecFlow\Installer\NuGetPackages\SpecFlow.xUnit\\App.config.transform
   source: C:\work\SpecFlow\Installer\NuGetPackages\SpecFlow.xUnit\App.config.transform
   destination: C:\work\SpecFlow\Installer\NuGetPackages\obj\Debug\nugetstage\SpecFlow.xUnit\content\
Done executing task "Message".
Task "Message"
  File: TechTalk.SpecFlow.dll
   identity: C:\work\SpecFlow\Installer\NuGetPackages\SpecFlow\\..\..\..\TechTalk.SpecFlow\bin\Debug\TechTalk.SpecFlow.dll
   source: C:\work\SpecFlow\TechTalk.SpecFlow\bin\Debug\TechTalk.SpecFlow.dll
   destination: C:\work\SpecFlow\Installer\NuGetPackages\obj\Debug\nugetstage\SpecFlow\lib\net45\
Done executing task "Message".
Task "Message"
  File: App.config.transform
   identity: C:\work\SpecFlow\Installer\NuGetPackages\SpecFlow\\App.config.transform
   source: C:\work\SpecFlow\Installer\NuGetPackages\SpecFlow\App.config.transform
   destination: C:\work\SpecFlow\Installer\NuGetPackages\obj\Debug\nugetstage\SpecFlow\content\
Done executing task "Message".
Task "Message"
  File: Gherkin.dll
   identity: C:\work\SpecFlow\Installer\NuGetPackages\SpecFlow\\..\..\..\TechTalk.SpecFlow.Tools\bin\Debug\Gherkin.dll
   source: C:\work\SpecFlow\TechTalk.SpecFlow.Tools\bin\Debug\Gherkin.dll
   destination: C:\work\SpecFlow\Installer\NuGetPackages\obj\Debug\nugetstage\SpecFlow\tools\
Done executing task "Message".
Task "Message"
  File: Microsoft.Build.Utilities.v3.5.dll
   identity: C:\work\SpecFlow\Installer\NuGetPackages\SpecFlow\\..\..\..\TechTalk.SpecFlow.Tools\bin\Debug\Microsoft.Build.Utilities.v3.5.dll
   source: C:\work\SpecFlow\TechTalk.SpecFlow.Tools\bin\Debug\Microsoft.Build.Utilities.v3.5.dll
   destination: C:\work\SpecFlow\Installer\NuGetPackages\obj\Debug\nugetstage\SpecFlow\tools\
Done executing task "Message".
Task "Message"
  File: TechTalk.SpecFlow.dll
   identity: C:\work\SpecFlow\Installer\NuGetPackages\SpecFlow\\..\..\..\TechTalk.SpecFlow.Tools\bin\Debug\TechTalk.SpecFlow.dll
   source: C:\work\SpecFlow\TechTalk.SpecFlow.Tools\bin\Debug\TechTalk.SpecFlow.dll
   destination: C:\work\SpecFlow\Installer\NuGetPackages\obj\Debug\nugetstage\SpecFlow\tools\
Done executing task "Message".
Task "Message"
  File: TechTalk.SpecFlow.Generator.dll
   identity: C:\work\SpecFlow\Installer\NuGetPackages\SpecFlow\\..\..\..\TechTalk.SpecFlow.Tools\bin\Debug\TechTalk.SpecFlow.Generator.dll
   source: C:\work\SpecFlow\TechTalk.SpecFlow.Tools\bin\Debug\TechTalk.SpecFlow.Generator.dll
   destination: C:\work\SpecFlow\Installer\NuGetPackages\obj\Debug\nugetstage\SpecFlow\tools\
Done executing task "Message".
Task "Message"
  File: TechTalk.SpecFlow.Parser.dll
   identity: C:\work\SpecFlow\Installer\NuGetPackages\SpecFlow\\..\..\..\TechTalk.SpecFlow.Tools\bin\Debug\TechTalk.SpecFlow.Parser.dll
   source: C:\work\SpecFlow\TechTalk.SpecFlow.Tools\bin\Debug\TechTalk.SpecFlow.Parser.dll
   destination: C:\work\SpecFlow\Installer\NuGetPackages\obj\Debug\nugetstage\SpecFlow\tools\
Done executing task "Message".
Task "Message"
  File: TechTalk.SpecFlow.Reporting.dll
   identity: C:\work\SpecFlow\Installer\NuGetPackages\SpecFlow\\..\..\..\TechTalk.SpecFlow.Tools\bin\Debug\TechTalk.SpecFlow.Reporting.dll
   source: C:\work\SpecFlow\TechTalk.SpecFlow.Tools\bin\Debug\TechTalk.SpecFlow.Reporting.dll
   destination: C:\work\SpecFlow\Installer\NuGetPackages\obj\Debug\nugetstage\SpecFlow\tools\
Done executing task "Message".
Task "Message"
  File: TechTalk.SpecFlow.Utils.dll
   identity: C:\work\SpecFlow\Installer\NuGetPackages\SpecFlow\\..\..\..\TechTalk.SpecFlow.Tools\bin\Debug\TechTalk.SpecFlow.Utils.dll
   source: C:\work\SpecFlow\TechTalk.SpecFlow.Tools\bin\Debug\TechTalk.SpecFlow.Utils.dll
   destination: C:\work\SpecFlow\Installer\NuGetPackages\obj\Debug\nugetstage\SpecFlow\tools\
Done executing task "Message".
Task "Message"
  File: specflow.exe
   identity: C:\work\SpecFlow\Installer\NuGetPackages\SpecFlow\\..\..\..\TechTalk.SpecFlow.Tools\bin\Debug\specflow.exe
   source: C:\work\SpecFlow\TechTalk.SpecFlow.Tools\bin\Debug\specflow.exe
   destination: C:\work\SpecFlow\Installer\NuGetPackages\obj\Debug\nugetstage\SpecFlow\tools\
Done executing task "Message".
Task "Message"
  File: app.config
   identity: C:\work\SpecFlow\Installer\NuGetPackages\SpecFlow\\..\..\..\TechTalk.SpecFlow.Tools\bin\Debug\app.config
   source: C:\work\SpecFlow\TechTalk.SpecFlow.Tools\bin\Debug\app.config
   destination: C:\work\SpecFlow\Installer\NuGetPackages\obj\Debug\nugetstage\SpecFlow\tools\
Done executing task "Message".
Task "Message"
  File: plugincompability.config
   identity: C:\work\SpecFlow\Installer\NuGetPackages\SpecFlow\\..\..\..\TechTalk.SpecFlow.Tools\bin\Debug\plugincompability.config
   source: C:\work\SpecFlow\TechTalk.SpecFlow.Tools\bin\Debug\plugincompability.config
   destination: C:\work\SpecFlow\Installer\NuGetPackages\obj\Debug\nugetstage\SpecFlow\tools\
Done executing task "Message".
Task "Message"
  File: specflow.exe.config
   identity: C:\work\SpecFlow\Installer\NuGetPackages\SpecFlow\\..\..\..\TechTalk.SpecFlow.Tools\bin\Debug\specflow.exe.config
   source: C:\work\SpecFlow\TechTalk.SpecFlow.Tools\bin\Debug\specflow.exe.config
   destination: C:\work\SpecFlow\Installer\NuGetPackages\obj\Debug\nugetstage\SpecFlow\tools\
Done executing task "Message".
Task "Message"
  File: specflow.pdb
   identity: C:\work\SpecFlow\Installer\NuGetPackages\SpecFlow\\..\..\..\TechTalk.SpecFlow.Tools\bin\Debug\specflow.pdb
   source: C:\work\SpecFlow\TechTalk.SpecFlow.Tools\bin\Debug\specflow.pdb
   destination: C:\work\SpecFlow\Installer\NuGetPackages\obj\Debug\nugetstage\SpecFlow\tools\
Done executing task "Message".
Task "Message"
  File: TechTalk.SpecFlow.Generator.pdb
   identity: C:\work\SpecFlow\Installer\NuGetPackages\SpecFlow\\..\..\..\TechTalk.SpecFlow.Tools\bin\Debug\TechTalk.SpecFlow.Generator.pdb
   source: C:\work\SpecFlow\TechTalk.SpecFlow.Tools\bin\Debug\TechTalk.SpecFlow.Generator.pdb
   destination: C:\work\SpecFlow\Installer\NuGetPackages\obj\Debug\nugetstage\SpecFlow\tools\
Done executing task "Message".
Task "Message"
  File: TechTalk.SpecFlow.Parser.pdb
   identity: C:\work\SpecFlow\Installer\NuGetPackages\SpecFlow\\..\..\..\TechTalk.SpecFlow.Tools\bin\Debug\TechTalk.SpecFlow.Parser.pdb
   source: C:\work\SpecFlow\TechTalk.SpecFlow.Tools\bin\Debug\TechTalk.SpecFlow.Parser.pdb
   destination: C:\work\SpecFlow\Installer\NuGetPackages\obj\Debug\nugetstage\SpecFlow\tools\
Done executing task "Message".
Task "Message"
  File: TechTalk.SpecFlow.pdb
   identity: C:\work\SpecFlow\Installer\NuGetPackages\SpecFlow\\..\..\..\TechTalk.SpecFlow.Tools\bin\Debug\TechTalk.SpecFlow.pdb
   source: C:\work\SpecFlow\TechTalk.SpecFlow.Tools\bin\Debug\TechTalk.SpecFlow.pdb
   destination: C:\work\SpecFlow\Installer\NuGetPackages\obj\Debug\nugetstage\SpecFlow\tools\
Done executing task "Message".
Task "Message"
  File: TechTalk.SpecFlow.Reporting.pdb
   identity: C:\work\SpecFlow\Installer\NuGetPackages\SpecFlow\\..\..\..\TechTalk.SpecFlow.Tools\bin\Debug\TechTalk.SpecFlow.Reporting.pdb
   source: C:\work\SpecFlow\TechTalk.SpecFlow.Tools\bin\Debug\TechTalk.SpecFlow.Reporting.pdb
   destination: C:\work\SpecFlow\Installer\NuGetPackages\obj\Debug\nugetstage\SpecFlow\tools\
Done executing task "Message".
Task "Message"
  File: TechTalk.SpecFlow.Utils.pdb
   identity: C:\work\SpecFlow\Installer\NuGetPackages\SpecFlow\\..\..\..\TechTalk.SpecFlow.Tools\bin\Debug\TechTalk.SpecFlow.Utils.pdb
   source: C:\work\SpecFlow\TechTalk.SpecFlow.Tools\bin\Debug\TechTalk.SpecFlow.Utils.pdb
   destination: C:\work\SpecFlow\Installer\NuGetPackages\obj\Debug\nugetstage\SpecFlow\tools\
Done executing task "Message".
Task "Message"
  File: TechTalk.SpecFlow.targets
   identity: C:\work\SpecFlow\Installer\NuGetPackages\SpecFlow\\..\..\..\TechTalk.SpecFlow.Tools\bin\Debug\MsBuild\TechTalk.SpecFlow.targets
   source: C:\work\SpecFlow\TechTalk.SpecFlow.Tools\bin\Debug\MsBuild\TechTalk.SpecFlow.targets
   destination: C:\work\SpecFlow\Installer\NuGetPackages\obj\Debug\nugetstage\SpecFlow\tools\
Done executing task "Message".
Task "Message"
  File: TechTalk.SpecFlow.tasks
   identity: C:\work\SpecFlow\Installer\NuGetPackages\SpecFlow\\..\..\..\TechTalk.SpecFlow.Tools\bin\Debug\MsBuild\TechTalk.SpecFlow.tasks
   source: C:\work\SpecFlow\TechTalk.SpecFlow.Tools\bin\Debug\MsBuild\TechTalk.SpecFlow.tasks
   destination: C:\work\SpecFlow\Installer\NuGetPackages\obj\Debug\nugetstage\SpecFlow\tools\
Done executing task "Message".
Using "Copy" task from assembly "Microsoft.Build.Tasks.Core, Version=14.0.0.0, Culture=neutral, PublicKeyToken=b03f5f7f11d50a3a".
Task "Copy"
  Creating directory "C:\work\SpecFlow\Installer\NuGetPackages\obj\Debug\nugetstage\SpecFlow.CustomPlugin\lib\net45".
  Copying file from "C:\work\SpecFlow\TechTalk.SpecFlow\bin\Debug\TechTalk.SpecFlow.dll" to "C:\work\SpecFlow\Installer\NuGetPackages\obj\Debug\nugetstage\SpecFlow.CustomPlugin\lib\net45\TechTalk.SpecFlow.dll".
Done executing task "Copy".
Task "Copy"
  Copying file from "C:\work\SpecFlow\TechTalk.SpecFlow.Generator\bin\Debug\TechTalk.SpecFlow.Generator.dll" to "C:\work\SpecFlow\Installer\NuGetPackages\obj\Debug\nugetstage\SpecFlow.CustomPlugin\lib\net45\TechTalk.SpecFlow.Generator.dll".
Done executing task "Copy".
Task "Copy"
  Copying file from "C:\work\SpecFlow\TechTalk.SpecFlow.Utils\bin\Debug\TechTalk.SpecFlow.Utils.dll" to "C:\work\SpecFlow\Installer\NuGetPackages\obj\Debug\nugetstage\SpecFlow.CustomPlugin\lib\net45\TechTalk.SpecFlow.Utils.dll".
Done executing task "Copy".
Task "Copy"
  Copying file from "C:\work\SpecFlow\TechTalk.SpecFlow.Parser\bin\Debug\TechTalk.SpecFlow.Parser.dll" to "C:\work\SpecFlow\Installer\NuGetPackages\obj\Debug\nugetstage\SpecFlow.CustomPlugin\lib\net45\TechTalk.SpecFlow.Parser.dll".
Done executing task "Copy".
Task "Copy"
  Copying file from "C:\work\SpecFlow\TechTalk.SpecFlow\bin\Debug\TechTalk.SpecFlow.pdb" to "C:\work\SpecFlow\Installer\NuGetPackages\obj\Debug\nugetstage\SpecFlow.CustomPlugin\lib\net45\TechTalk.SpecFlow.pdb".
Done executing task "Copy".
Task "Copy"
  Copying file from "C:\work\SpecFlow\TechTalk.SpecFlow.Generator\bin\Debug\TechTalk.SpecFlow.Generator.pdb" to "C:\work\SpecFlow\Installer\NuGetPackages\obj\Debug\nugetstage\SpecFlow.CustomPlugin\lib\net45\TechTalk.SpecFlow.Generator.pdb".
Done executing task "Copy".
Task "Copy"
  Copying file from "C:\work\SpecFlow\TechTalk.SpecFlow.Utils\bin\Debug\TechTalk.SpecFlow.Utils.pdb" to "C:\work\SpecFlow\Installer\NuGetPackages\obj\Debug\nugetstage\SpecFlow.CustomPlugin\lib\net45\TechTalk.SpecFlow.Utils.pdb".
Done executing task "Copy".
Task "Copy"
  Copying file from "C:\work\SpecFlow\TechTalk.SpecFlow.Parser\bin\Debug\TechTalk.SpecFlow.Parser.pdb" to "C:\work\SpecFlow\Installer\NuGetPackages\obj\Debug\nugetstage\SpecFlow.CustomPlugin\lib\net45\TechTalk.SpecFlow.Parser.pdb".
Done executing task "Copy".
Task "Copy"
  Copying file from "C:\work\SpecFlow\Installer\NuGetPackages\SpecFlow.MsTest\App.config.transform" to "C:\work\SpecFlow\Installer\NuGetPackages\obj\Debug\nugetstage\SpecFlow.MsTest\content\App.config.transform".
Done executing task "Copy".
Task "Copy"
  Copying file from "C:\work\SpecFlow\Installer\NuGetPackages\SpecFlow.NUnit.Runners\SpecFlowNUnitExtension.cs" to "C:\work\SpecFlow\Installer\NuGetPackages\obj\Debug\nugetstage\SpecFlow.NUnit.Runners\content\SpecFlowNUnitExtension.cs".
Done executing task "Copy".
Task "Copy"
  Copying file from "C:\work\SpecFlow\Installer\NuGetPackages\SpecFlow.NUnit.Runners\Install.ps1" to "C:\work\SpecFlow\Installer\NuGetPackages\obj\Debug\nugetstage\SpecFlow.NUnit.Runners\tools\Install.ps1".
Done executing task "Copy".
Task "Copy"
  Copying file from "C:\work\SpecFlow\Installer\NuGetPackages\SpecFlow.NUnit.Runners\Uninstall.ps1" to "C:\work\SpecFlow\Installer\NuGetPackages\obj\Debug\nugetstage\SpecFlow.NUnit.Runners\tools\Uninstall.ps1".
Done executing task "Copy".
Task "Copy"
  Copying file from "C:\work\SpecFlow\Installer\NuGetPackages\SpecFlow.NUnit\App.config.transform" to "C:\work\SpecFlow\Installer\NuGetPackages\obj\Debug\nugetstage\SpecFlow.NUnit\content\App.config.transform".
Done executing task "Copy".
Task "Copy"
  Copying file from "C:\work\SpecFlow\Installer\NuGetPackages\SpecFlow.xUnit\App.config.transform" to "C:\work\SpecFlow\Installer\NuGetPackages\obj\Debug\nugetstage\SpecFlow.xUnit\content\App.config.transform".
Done executing task "Copy".
Task "Copy"
  Creating directory "C:\work\SpecFlow\Installer\NuGetPackages\obj\Debug\nugetstage\SpecFlow\lib\net45".
  Copying file from "C:\work\SpecFlow\TechTalk.SpecFlow\bin\Debug\TechTalk.SpecFlow.dll" to "C:\work\SpecFlow\Installer\NuGetPackages\obj\Debug\nugetstage\SpecFlow\lib\net45\TechTalk.SpecFlow.dll".
Done executing task "Copy".
Task "Copy"
  Copying file from "C:\work\SpecFlow\Installer\NuGetPackages\SpecFlow\App.config.transform" to "C:\work\SpecFlow\Installer\NuGetPackages\obj\Debug\nugetstage\SpecFlow\content\App.config.transform".
Done executing task "Copy".
Task "Copy"
  Copying file from "C:\work\SpecFlow\TechTalk.SpecFlow.Tools\bin\Debug\Gherkin.dll" to "C:\work\SpecFlow\Installer\NuGetPackages\obj\Debug\nugetstage\SpecFlow\tools\Gherkin.dll".
Done executing task "Copy".
Task "Copy"
  Copying file from "C:\work\SpecFlow\TechTalk.SpecFlow.Tools\bin\Debug\Microsoft.Build.Utilities.v3.5.dll" to "C:\work\SpecFlow\Installer\NuGetPackages\obj\Debug\nugetstage\SpecFlow\tools\Microsoft.Build.Utilities.v3.5.dll".
Done executing task "Copy".
Task "Copy"
  Copying file from "C:\work\SpecFlow\TechTalk.SpecFlow.Tools\bin\Debug\TechTalk.SpecFlow.dll" to "C:\work\SpecFlow\Installer\NuGetPackages\obj\Debug\nugetstage\SpecFlow\tools\TechTalk.SpecFlow.dll".
Done executing task "Copy".
Task "Copy"
  Copying file from "C:\work\SpecFlow\TechTalk.SpecFlow.Tools\bin\Debug\TechTalk.SpecFlow.Generator.dll" to "C:\work\SpecFlow\Installer\NuGetPackages\obj\Debug\nugetstage\SpecFlow\tools\TechTalk.SpecFlow.Generator.dll".
Done executing task "Copy".
Task "Copy"
  Copying file from "C:\work\SpecFlow\TechTalk.SpecFlow.Tools\bin\Debug\TechTalk.SpecFlow.Parser.dll" to "C:\work\SpecFlow\Installer\NuGetPackages\obj\Debug\nugetstage\SpecFlow\tools\TechTalk.SpecFlow.Parser.dll".
Done executing task "Copy".
Task "Copy"
  Copying file from "C:\work\SpecFlow\TechTalk.SpecFlow.Tools\bin\Debug\TechTalk.SpecFlow.Reporting.dll" to "C:\work\SpecFlow\Installer\NuGetPackages\obj\Debug\nugetstage\SpecFlow\tools\TechTalk.SpecFlow.Reporting.dll".
Done executing task "Copy".
Task "Copy"
  Copying file from "C:\work\SpecFlow\TechTalk.SpecFlow.Tools\bin\Debug\TechTalk.SpecFlow.Utils.dll" to "C:\work\SpecFlow\Installer\NuGetPackages\obj\Debug\nugetstage\SpecFlow\tools\TechTalk.SpecFlow.Utils.dll".
Done executing task "Copy".
Task "Copy"
  Copying file from "C:\work\SpecFlow\TechTalk.SpecFlow.Tools\bin\Debug\specflow.exe" to "C:\work\SpecFlow\Installer\NuGetPackages\obj\Debug\nugetstage\SpecFlow\tools\specflow.exe".
Done executing task "Copy".
Task "Copy"
  Copying file from "C:\work\SpecFlow\TechTalk.SpecFlow.Tools\bin\Debug\app.config" to "C:\work\SpecFlow\Installer\NuGetPackages\obj\Debug\nugetstage\SpecFlow\tools\app.config".
Done executing task "Copy".
Task "Copy"
  Copying file from "C:\work\SpecFlow\TechTalk.SpecFlow.Tools\bin\Debug\plugincompability.config" to "C:\work\SpecFlow\Installer\NuGetPackages\obj\Debug\nugetstage\SpecFlow\tools\plugincompability.config".
Done executing task "Copy".
Task "Copy"
  Copying file from "C:\work\SpecFlow\TechTalk.SpecFlow.Tools\bin\Debug\specflow.exe.config" to "C:\work\SpecFlow\Installer\NuGetPackages\obj\Debug\nugetstage\SpecFlow\tools\specflow.exe.config".
Done executing task "Copy".
Task "Copy"
  Copying file from "C:\work\SpecFlow\TechTalk.SpecFlow.Tools\bin\Debug\specflow.pdb" to "C:\work\SpecFlow\Installer\NuGetPackages\obj\Debug\nugetstage\SpecFlow\tools\specflow.pdb".
Done executing task "Copy".
Task "Copy"
  Copying file from "C:\work\SpecFlow\TechTalk.SpecFlow.Tools\bin\Debug\TechTalk.SpecFlow.Generator.pdb" to "C:\work\SpecFlow\Installer\NuGetPackages\obj\Debug\nugetstage\SpecFlow\tools\TechTalk.SpecFlow.Generator.pdb".
Done executing task "Copy".
Task "Copy"
  Copying file from "C:\work\SpecFlow\TechTalk.SpecFlow.Tools\bin\Debug\TechTalk.SpecFlow.Parser.pdb" to "C:\work\SpecFlow\Installer\NuGetPackages\obj\Debug\nugetstage\SpecFlow\tools\TechTalk.SpecFlow.Parser.pdb".
Done executing task "Copy".
Task "Copy"
  Copying file from "C:\work\SpecFlow\TechTalk.SpecFlow.Tools\bin\Debug\TechTalk.SpecFlow.pdb" to "C:\work\SpecFlow\Installer\NuGetPackages\obj\Debug\nugetstage\SpecFlow\tools\TechTalk.SpecFlow.pdb".
Done executing task "Copy".
Task "Copy"
  Copying file from "C:\work\SpecFlow\TechTalk.SpecFlow.Tools\bin\Debug\TechTalk.SpecFlow.Reporting.pdb" to "C:\work\SpecFlow\Installer\NuGetPackages\obj\Debug\nugetstage\SpecFlow\tools\TechTalk.SpecFlow.Reporting.pdb".
Done executing task "Copy".
Task "Copy"
  Copying file from "C:\work\SpecFlow\TechTalk.SpecFlow.Tools\bin\Debug\TechTalk.SpecFlow.Utils.pdb" to "C:\work\SpecFlow\Installer\NuGetPackages\obj\Debug\nugetstage\SpecFlow\tools\TechTalk.SpecFlow.Utils.pdb".
Done executing task "Copy".
Task "Copy"
  Copying file from "C:\work\SpecFlow\TechTalk.SpecFlow.Tools\bin\Debug\MsBuild\TechTalk.SpecFlow.targets" to "C:\work\SpecFlow\Installer\NuGetPackages\obj\Debug\nugetstage\SpecFlow\tools\TechTalk.SpecFlow.targets".
Done executing task "Copy".
Task "Copy"
  Copying file from "C:\work\SpecFlow\TechTalk.SpecFlow.Tools\bin\Debug\MsBuild\TechTalk.SpecFlow.tasks" to "C:\work\SpecFlow\Installer\NuGetPackages\obj\Debug\nugetstage\SpecFlow\tools\TechTalk.SpecFlow.tasks".
Done executing task "Copy".
Done building target "NugetCopyAdditionalFiles" in project "NuGetPackages.csproj".
Target "NugetCopyNuspec" in file "C:\work\SpecFlow\packages\MSBuild.MSBNuget.1.1.2-pre04\build\nuget.targets" from project "C:\work\SpecFlow\Installer\NuGetPackages\NuGetPackages.csproj" (target "NugetCreatePackages" depends on it):
Task "Copy"
  Copying file from "C:\work\SpecFlow\Installer\NuGetPackages\SpecFlow.CustomPlugin\SpecFlow.CustomPlugin.nuspec" to "C:\work\SpecFlow\Installer\NuGetPackages\obj\Debug\nugetstage\SpecFlow.CustomPlugin\SpecFlow.CustomPlugin.nuspec".
Done executing task "Copy".
Task "Copy"
  Copying file from "C:\work\SpecFlow\Installer\NuGetPackages\SpecFlow.MsTest\SpecFlow.MsTest.nuspec" to "C:\work\SpecFlow\Installer\NuGetPackages\obj\Debug\nugetstage\SpecFlow.MsTest\SpecFlow.MsTest.nuspec".
Done executing task "Copy".
Task "Copy"
  Copying file from "C:\work\SpecFlow\Installer\NuGetPackages\SpecFlow.NUnit.Runners\SpecFlow.NUnit.Runners.nuspec" to "C:\work\SpecFlow\Installer\NuGetPackages\obj\Debug\nugetstage\SpecFlow.NUnit.Runners\SpecFlow.NUnit.Runners.nuspec".
Done executing task "Copy".
Task "Copy"
  Copying file from "C:\work\SpecFlow\Installer\NuGetPackages\SpecFlow.NUnit\SpecFlow.NUnit.nuspec" to "C:\work\SpecFlow\Installer\NuGetPackages\obj\Debug\nugetstage\SpecFlow.NUnit\SpecFlow.NUnit.nuspec".
Done executing task "Copy".
Task "Copy"
  Copying file from "C:\work\SpecFlow\Installer\NuGetPackages\SpecFlow.xUnit\SpecFlow.xUnit.nuspec" to "C:\work\SpecFlow\Installer\NuGetPackages\obj\Debug\nugetstage\SpecFlow.xUnit\SpecFlow.xUnit.nuspec".
Done executing task "Copy".
Task "Copy"
  Copying file from "C:\work\SpecFlow\Installer\NuGetPackages\SpecFlow\SpecFlow.nuspec" to "C:\work\SpecFlow\Installer\NuGetPackages\obj\Debug\nugetstage\SpecFlow\SpecFlow.nuspec".
Done executing task "Copy".
Done building target "NugetCopyNuspec" in project "NuGetPackages.csproj".
Target "NugetCreatePackage" in file "C:\work\SpecFlow\packages\MSBuild.MSBNuget.1.1.2-pre04\build\nuget.targets" from project "C:\work\SpecFlow\Installer\NuGetPackages\NuGetPackages.csproj" (target "NugetCreatePackages" depends on it):
Task "Message"
  Nuget Global Override
Done executing task "Message".
Task "Message"
  --> NugetVersion: 
Done executing task "Message".
Task "Message"
  --> NugetMinClientVersion: 
Done executing task "Message".
Task "Message"
  --> NugetCommandPackArguments: 
Done executing task "Message".
Task "Message"
  nuspecs-Count: 6
Done executing task "Message".
Task "Message"
  nuspecs: C:\work\SpecFlow\Installer\NuGetPackages\obj\Debug\nugetstage\SpecFlow.CustomPlugin\SpecFlow.CustomPlugin.nuspec;C:\work\SpecFlow\Installer\NuGetPackages\obj\Debug\nugetstage\SpecFlow.MsTest\SpecFlow.MsTest.nuspec;C:\work\SpecFlow\Installer\NuGetPackages\obj\Debug\nugetstage\SpecFlow.NUnit.Runners\SpecFlow.NUnit.Runners.nuspec;C:\work\SpecFlow\Installer\NuGetPackages\obj\Debug\nugetstage\SpecFlow.NUnit\SpecFlow.NUnit.nuspec;C:\work\SpecFlow\Installer\NuGetPackages\obj\Debug\nugetstage\SpecFlow.xUnit\SpecFlow.xUnit.nuspec;C:\work\SpecFlow\Installer\NuGetPackages\obj\Debug\nugetstage\SpecFlow\SpecFlow.nuspec
Done executing task "Message".
Task "Message"
    C:\work\SpecFlow\Installer\NuGetPackages\obj\Debug\nugetstage\SpecFlow.CustomPlugin\SpecFlow.CustomPlugin.nuspec
Done executing task "Message".
Task "Message"
    C:\work\SpecFlow\Installer\NuGetPackages\obj\Debug\nugetstage\SpecFlow.MsTest\SpecFlow.MsTest.nuspec
Done executing task "Message".
Task "Message"
    C:\work\SpecFlow\Installer\NuGetPackages\obj\Debug\nugetstage\SpecFlow.NUnit.Runners\SpecFlow.NUnit.Runners.nuspec
Done executing task "Message".
Task "Message"
    C:\work\SpecFlow\Installer\NuGetPackages\obj\Debug\nugetstage\SpecFlow.NUnit\SpecFlow.NUnit.nuspec
Done executing task "Message".
Task "Message"
    C:\work\SpecFlow\Installer\NuGetPackages\obj\Debug\nugetstage\SpecFlow.xUnit\SpecFlow.xUnit.nuspec
Done executing task "Message".
Task "Message"
    C:\work\SpecFlow\Installer\NuGetPackages\obj\Debug\nugetstage\SpecFlow\SpecFlow.nuspec
Done executing task "Message".
Task "MakeDir"
  Creating directory "bin\".
Done executing task "MakeDir".
Using "Exec" task from assembly "Microsoft.Build.Tasks.Core, Version=14.0.0.0, Culture=neutral, PublicKeyToken=b03f5f7f11d50a3a".
Task "Exec"
  "C:\work\SpecFlow\packages\MSBuild.MSBNuget.1.1.2-pre04\build\..\..\NuGet.CommandLine.2.8.3\tools\NuGet.exe" pack -OutputDirectory "bin" -NoDefaultExcludes "C:\work\SpecFlow\Installer\NuGetPackages\obj\Debug\nugetstage\SpecFlow.CustomPlugin\SpecFlow.CustomPlugin.nuspec" -Symbols
  Attempting to build package from 'SpecFlow.CustomPlugin.nuspec'.
  Invalid assembly reference 'Gherkin.dll'. Ensure that a file named 'Gherkin.dll' exists in the lib directory.
C:\work\SpecFlow\packages\MSBuild.MSBNuget.1.1.2-pre04\build\nuget.targets(222,5): error MSB3073: The command ""C:\work\SpecFlow\packages\MSBuild.MSBNuget.1.1.2-pre04\build\..\..\NuGet.CommandLine.2.8.3\tools\NuGet.exe" pack -OutputDirectory "bin" -NoDefaultExcludes "C:\work\SpecFlow\Installer\NuGetPackages\obj\Debug\nugetstage\SpecFlow.CustomPlugin\SpecFlow.CustomPlugin.nuspec" -Symbols" exited with code 1. [C:\work\SpecFlow\Installer\NuGetPackages\NuGetPackages.csproj]
Done executing task "Exec" -- FAILED.
Done building target "NugetCreatePackage" in project "NuGetPackages.csproj" -- FAILED.
Done executing task "CallTarget" -- FAILED.
Done building target "NugetCreatePackages" in project "NuGetPackages.csproj" -- FAILED.
Done executing task "CallTarget" -- FAILED.
Done building target "NugetBuild" in project "NuGetPackages.csproj" -- FAILED.
Done executing task "CallTarget" -- FAILED.
Done building target "Build" in project "NuGetPackages.csproj" -- FAILED.
Done Building Project "C:\work\SpecFlow\Installer\NuGetPackages\NuGetPackages.csproj" (default targets) -- FAILED.

Build FAILED.

"C:\work\SpecFlow\Installer\NuGetPackages\NuGetPackages.csproj" (default target) (1) ->
(NugetCreatePackage target) -> 
  C:\work\SpecFlow\packages\MSBuild.MSBNuget.1.1.2-pre04\build\nuget.targets(222,5): error MSB3073: The command ""C:\work\SpecFlow\packages\MSBuild.MSBNuget.1.1.2-pre04\build\..\..\NuGet.CommandLine.2.8.3\tools\NuGet.exe" pack -OutputDirectory "bin" -NoDefaultExcludes "C:\work\SpecFlow\Installer\NuGetPackages\obj\Debug\nugetstage\SpecFlow.CustomPlugin\SpecFlow.CustomPlugin.nuspec" -Symbols" exited with code 1. [C:\work\SpecFlow\Installer\NuGetPackages\NuGetPackages.csproj]

    0 Warning(s)
    1 Error(s)

Time Elapsed 00:00:01.40
